This file contains any messages produced by compilers while
running configure, to aid debugging if configure makes a mistake.

It was created by capstats configure 0.12pre, which was
generated by GNU Autoconf 2.67.  Invocation command line was

  $ ./configure --disable-option-checking --prefix=/usr/local/bro --cache-file=/dev/null --srcdir=.

## --------- ##
## Platform. ##
## --------- ##

hostname = bro-earth-orbit
uname -m = x86_64
uname -r = 2.6.37.4
uname -s = Linux
uname -v = #4 SMP Mon Apr 18 17:48:00 EDT 2011

/usr/bin/uname -p = unknown
/bin/uname -X     = unknown

/bin/arch              = unknown
/usr/bin/arch -k       = unknown
/usr/convex/getsysinfo = unknown
/usr/bin/hostinfo      = unknown
/bin/machine           = unknown
/usr/bin/oslevel       = unknown
/bin/universe          = unknown

PATH: /usr/local/sbin
PATH: /usr/local/bin
PATH: /usr/sbin
PATH: /usr/bin
PATH: /sbin
PATH: /bin
PATH: /usr/games


## ----------- ##
## Core tests. ##
## ----------- ##

configure:2261: checking for a BSD-compatible install
configure:2329: result: /usr/bin/install -c
configure:2340: checking whether build environment is sane
configure:2390: result: yes
configure:2531: checking for a thread-safe mkdir -p
configure:2570: result: /bin/mkdir -p
configure:2583: checking for gawk
configure:2613: result: no
configure:2583: checking for mawk
configure:2599: found /usr/bin/mawk
configure:2610: result: mawk
configure:2621: checking whether make sets $(MAKE)
configure:2643: result: yes
configure:2787: checking for g++
configure:2803: found /usr/bin/g++
configure:2814: result: g++
configure:2841: checking for C++ compiler version
configure:2850: g++ --version >&5
g++ (Ubuntu/Linaro 4.4.4-14ubuntu5) 4.4.5
Copyright (C) 2010 Free Software Foundation, Inc.
This is free software; see the source for copying conditions.  There is NO
warranty; not even for MERCHANTABILITY or FITNESS FOR A PARTICULAR PURPOSE.

configure:2861: $? = 0
configure:2850: g++ -v >&5
Using built-in specs.
Target: x86_64-linux-gnu
Configured with: ../src/configure -v --with-pkgversion='Ubuntu/Linaro 4.4.4-14ubuntu5' --with-bugurl=file:///usr/share/doc/gcc-4.4/README.Bugs --enable-languages=c,c++,fortran,objc,obj-c++ --prefix=/usr --program-suffix=-4.4 --enable-shared --enable-multiarch --enable-linker-build-id --with-system-zlib --libexecdir=/usr/lib --without-included-gettext --enable-threads=posix --with-gxx-include-dir=/usr/include/c++/4.4 --libdir=/usr/lib --enable-nls --with-sysroot=/ --enable-clocale=gnu --enable-libstdcxx-debug --enable-objc-gc --disable-werror --with-arch-32=i686 --with-tune=generic --enable-checking=release --build=x86_64-linux-gnu --host=x86_64-linux-gnu --target=x86_64-linux-gnu
Thread model: posix
gcc version 4.4.5 (Ubuntu/Linaro 4.4.4-14ubuntu5) 
configure:2861: $? = 0
configure:2850: g++ -V >&5
g++: '-V' option must have argument
configure:2861: $? = 1
configure:2850: g++ -qversion >&5
g++: unrecognized option '-qversion'
g++: no input files
configure:2861: $? = 1
configure:2881: checking whether the C++ compiler works
configure:2903: g++    conftest.cpp  >&5
configure:2907: $? = 0
configure:2955: result: yes
configure:2958: checking for C++ compiler default output file name
configure:2960: result: a.out
configure:2966: checking for suffix of executables
configure:2973: g++ -o conftest    conftest.cpp  >&5
configure:2977: $? = 0
configure:2999: result: 
configure:3021: checking whether we are cross compiling
configure:3029: g++ -o conftest    conftest.cpp  >&5
configure:3033: $? = 0
configure:3040: ./conftest
configure:3044: $? = 0
configure:3059: result: no
configure:3064: checking for suffix of object files
configure:3086: g++ -c   conftest.cpp >&5
configure:3090: $? = 0
configure:3111: result: o
configure:3115: checking whether we are using the GNU C++ compiler
configure:3134: g++ -c   conftest.cpp >&5
configure:3134: $? = 0
configure:3143: result: yes
configure:3152: checking whether g++ accepts -g
configure:3172: g++ -c -g  conftest.cpp >&5
configure:3172: $? = 0
configure:3213: result: yes
configure:3247: checking for style of include used by make
configure:3275: result: GNU
configure:3300: checking dependency style of g++
configure:3410: result: gcc3
configure:3473: checking for gcc
configure:3489: found /usr/bin/gcc
configure:3500: result: gcc
configure:3729: checking for C compiler version
configure:3738: gcc --version >&5
gcc (Ubuntu/Linaro 4.4.4-14ubuntu5) 4.4.5
Copyright (C) 2010 Free Software Foundation, Inc.
This is free software; see the source for copying conditions.  There is NO
warranty; not even for MERCHANTABILITY or FITNESS FOR A PARTICULAR PURPOSE.

configure:3749: $? = 0
configure:3738: gcc -v >&5
Using built-in specs.
Target: x86_64-linux-gnu
Configured with: ../src/configure -v --with-pkgversion='Ubuntu/Linaro 4.4.4-14ubuntu5' --with-bugurl=file:///usr/share/doc/gcc-4.4/README.Bugs --enable-languages=c,c++,fortran,objc,obj-c++ --prefix=/usr --program-suffix=-4.4 --enable-shared --enable-multiarch --enable-linker-build-id --with-system-zlib --libexecdir=/usr/lib --without-included-gettext --enable-threads=posix --with-gxx-include-dir=/usr/include/c++/4.4 --libdir=/usr/lib --enable-nls --with-sysroot=/ --enable-clocale=gnu --enable-libstdcxx-debug --enable-objc-gc --disable-werror --with-arch-32=i686 --with-tune=generic --enable-checking=release --build=x86_64-linux-gnu --host=x86_64-linux-gnu --target=x86_64-linux-gnu
Thread model: posix
gcc version 4.4.5 (Ubuntu/Linaro 4.4.4-14ubuntu5) 
configure:3749: $? = 0
configure:3738: gcc -V >&5
gcc: '-V' option must have argument
configure:3749: $? = 1
configure:3738: gcc -qversion >&5
gcc: unrecognized option '-qversion'
gcc: no input files
configure:3749: $? = 1
configure:3753: checking whether we are using the GNU C compiler
configure:3772: gcc -c   conftest.c >&5
configure:3772: $? = 0
configure:3781: result: yes
configure:3790: checking whether gcc accepts -g
configure:3810: gcc -c -g  conftest.c >&5
configure:3810: $? = 0
configure:3851: result: yes
configure:3868: checking for gcc option to accept ISO C89
configure:3932: gcc  -c -g -O2  conftest.c >&5
configure:3932: $? = 0
configure:3945: result: none needed
configure:3967: checking dependency style of gcc
configure:4077: result: gcc3
configure:4110: checking for dag_open in -lpcap
configure:4135: gcc -o conftest -g -O2   conftest.c -lpcap   >&5
/tmp/ccYqv6Do.o: In function `main':
/home/ewust/telex-station/station/bro-1.5.1/aux/broctl/aux/capstats/conftest.c:22: undefined reference to `dag_open'
collect2: ld returned 1 exit status
configure:4135: $? = 1
configure: failed program was:
| /* confdefs.h */
| #define PACKAGE_NAME "capstats"
| #define PACKAGE_TARNAME "capstats"
| #define PACKAGE_VERSION "0.12pre"
| #define PACKAGE_STRING "capstats 0.12pre"
| #define PACKAGE_BUGREPORT "robin@icir.org"
| #define PACKAGE_URL ""
| #define PACKAGE "capstats"
| #define VERSION "0.12pre"
| /* end confdefs.h.  */
| 
| /* Override any GCC internal prototype to avoid an error.
|    Use char because int might match the return type of a GCC
|    builtin and then its argument prototype would still apply.  */
| #ifdef __cplusplus
| extern "C"
| #endif
| char dag_open ();
| int
| main ()
| {
| return dag_open ();
|   ;
|   return 0;
| }
configure:4144: result: no
configure:4162: checking how to run the C preprocessor
configure:4193: gcc -E  conftest.c
configure:4193: $? = 0
configure:4207: gcc -E  conftest.c
conftest.c:11: fatal error: ac_nonexistent.h: No such file or directory
compilation terminated.
configure:4207: $? = 1
configure: failed program was:
| /* confdefs.h */
| #define PACKAGE_NAME "capstats"
| #define PACKAGE_TARNAME "capstats"
| #define PACKAGE_VERSION "0.12pre"
| #define PACKAGE_STRING "capstats 0.12pre"
| #define PACKAGE_BUGREPORT "robin@icir.org"
| #define PACKAGE_URL ""
| #define PACKAGE "capstats"
| #define VERSION "0.12pre"
| /* end confdefs.h.  */
| #include <ac_nonexistent.h>
configure:4232: result: gcc -E
configure:4252: gcc -E  conftest.c
configure:4252: $? = 0
configure:4266: gcc -E  conftest.c
conftest.c:11: fatal error: ac_nonexistent.h: No such file or directory
compilation terminated.
configure:4266: $? = 1
configure: failed program was:
| /* confdefs.h */
| #define PACKAGE_NAME "capstats"
| #define PACKAGE_TARNAME "capstats"
| #define PACKAGE_VERSION "0.12pre"
| #define PACKAGE_STRING "capstats 0.12pre"
| #define PACKAGE_BUGREPORT "robin@icir.org"
| #define PACKAGE_URL ""
| #define PACKAGE "capstats"
| #define VERSION "0.12pre"
| /* end confdefs.h.  */
| #include <ac_nonexistent.h>
configure:4295: checking for grep that handles long lines and -e
configure:4353: result: /bin/grep
configure:4358: checking for egrep
configure:4420: result: /bin/grep -E
configure:4425: checking for ANSI C header files
configure:4445: gcc -c -g -O2  conftest.c >&5
configure:4445: $? = 0
configure:4518: gcc -o conftest -g -O2   conftest.c  >&5
configure:4518: $? = 0
configure:4518: ./conftest
configure:4518: $? = 0
configure:4529: result: yes
configure:4542: checking for sys/types.h
configure:4542: gcc -c -g -O2  conftest.c >&5
configure:4542: $? = 0
configure:4542: result: yes
configure:4542: checking for sys/stat.h
configure:4542: gcc -c -g -O2  conftest.c >&5
configure:4542: $? = 0
configure:4542: result: yes
configure:4542: checking for stdlib.h
configure:4542: gcc -c -g -O2  conftest.c >&5
configure:4542: $? = 0
configure:4542: result: yes
configure:4542: checking for string.h
configure:4542: gcc -c -g -O2  conftest.c >&5
configure:4542: $? = 0
configure:4542: result: yes
configure:4542: checking for memory.h
configure:4542: gcc -c -g -O2  conftest.c >&5
configure:4542: $? = 0
configure:4542: result: yes
configure:4542: checking for strings.h
configure:4542: gcc -c -g -O2  conftest.c >&5
configure:4542: $? = 0
configure:4542: result: yes
configure:4542: checking for inttypes.h
configure:4542: gcc -c -g -O2  conftest.c >&5
configure:4542: $? = 0
configure:4542: result: yes
configure:4542: checking for stdint.h
configure:4542: gcc -c -g -O2  conftest.c >&5
configure:4542: $? = 0
configure:4542: result: yes
configure:4542: checking for unistd.h
configure:4542: gcc -c -g -O2  conftest.c >&5
configure:4542: $? = 0
configure:4542: result: yes
configure:4557: checking netinet/in.h usability
configure:4557: gcc -c -g -O2  conftest.c >&5
configure:4557: $? = 0
configure:4557: result: yes
configure:4557: checking netinet/in.h presence
configure:4557: gcc -E  conftest.c
configure:4557: $? = 0
configure:4557: result: yes
configure:4557: checking for netinet/in.h
configure:4557: result: yes
configure:4557: checking for stdlib.h
configure:4557: result: yes
configure:4557: checking for string.h
configure:4557: result: yes
configure:4557: checking syslog.h usability
configure:4557: gcc -c -g -O2  conftest.c >&5
configure:4557: $? = 0
configure:4557: result: yes
configure:4557: checking syslog.h presence
configure:4557: gcc -E  conftest.c
configure:4557: $? = 0
configure:4557: result: yes
configure:4557: checking for syslog.h
configure:4557: result: yes
configure:4557: checking for unistd.h
configure:4557: result: yes
configure:4569: checking for stdbool.h that conforms to C99
configure:4654: gcc -c -g -O2  conftest.c >&5
configure:4654: $? = 0
configure:4661: result: yes
configure:4663: checking for _Bool
configure:4663: gcc -c -g -O2  conftest.c >&5
configure:4663: $? = 0
configure:4663: gcc -c -g -O2  conftest.c >&5
conftest.c: In function 'main':
conftest.c:62: error: expected expression before ')' token
configure:4663: $? = 1
configure: failed program was:
| /* confdefs.h */
| #define PACKAGE_NAME "capstats"
| #define PACKAGE_TARNAME "capstats"
| #define PACKAGE_VERSION "0.12pre"
| #define PACKAGE_STRING "capstats 0.12pre"
| #define PACKAGE_BUGREPORT "robin@icir.org"
| #define PACKAGE_URL ""
| #define PACKAGE "capstats"
| #define VERSION "0.12pre"
| #define STDC_HEADERS 1
| #define HAVE_SYS_TYPES_H 1
| #define HAVE_SYS_STAT_H 1
| #define HAVE_STDLIB_H 1
| #define HAVE_STRING_H 1
| #define HAVE_MEMORY_H 1
| #define HAVE_STRINGS_H 1
| #define HAVE_INTTYPES_H 1
| #define HAVE_STDINT_H 1
| #define HAVE_UNISTD_H 1
| #define HAVE_NETINET_IN_H 1
| #define HAVE_STDLIB_H 1
| #define HAVE_STRING_H 1
| #define HAVE_SYSLOG_H 1
| #define HAVE_UNISTD_H 1
| /* end confdefs.h.  */
| #include <stdio.h>
| #ifdef HAVE_SYS_TYPES_H
| # include <sys/types.h>
| #endif
| #ifdef HAVE_SYS_STAT_H
| # include <sys/stat.h>
| #endif
| #ifdef STDC_HEADERS
| # include <stdlib.h>
| # include <stddef.h>
| #else
| # ifdef HAVE_STDLIB_H
| #  include <stdlib.h>
| # endif
| #endif
| #ifdef HAVE_STRING_H
| # if !defined STDC_HEADERS && defined HAVE_MEMORY_H
| #  include <memory.h>
| # endif
| # include <string.h>
| #endif
| #ifdef HAVE_STRINGS_H
| # include <strings.h>
| #endif
| #ifdef HAVE_INTTYPES_H
| # include <inttypes.h>
| #endif
| #ifdef HAVE_STDINT_H
| # include <stdint.h>
| #endif
| #ifdef HAVE_UNISTD_H
| # include <unistd.h>
| #endif
| int
| main ()
| {
| if (sizeof ((_Bool)))
| 	    return 0;
|   ;
|   return 0;
| }
configure:4663: result: yes
configure:4679: checking for an ANSI C-conforming const
configure:4744: gcc -c -g -O2  conftest.c >&5
configure:4744: $? = 0
configure:4751: result: yes
configure:4759: checking whether time.h and sys/time.h may both be included
configure:4779: gcc -c -g -O2  conftest.c >&5
configure:4779: $? = 0
configure:4786: result: yes
configure:4796: checking for error_at_line
configure:4812: gcc -o conftest -g -O2   conftest.c  >&5
configure:4812: $? = 0
configure:4820: result: yes
configure:4831: checking return type of signal handlers
configure:4849: gcc -c -g -O2  conftest.c >&5
conftest.c: In function 'main':
conftest.c:35: error: void value not ignored as it ought to be
configure:4849: $? = 1
configure: failed program was:
| /* confdefs.h */
| #define PACKAGE_NAME "capstats"
| #define PACKAGE_TARNAME "capstats"
| #define PACKAGE_VERSION "0.12pre"
| #define PACKAGE_STRING "capstats 0.12pre"
| #define PACKAGE_BUGREPORT "robin@icir.org"
| #define PACKAGE_URL ""
| #define PACKAGE "capstats"
| #define VERSION "0.12pre"
| #define STDC_HEADERS 1
| #define HAVE_SYS_TYPES_H 1
| #define HAVE_SYS_STAT_H 1
| #define HAVE_STDLIB_H 1
| #define HAVE_STRING_H 1
| #define HAVE_MEMORY_H 1
| #define HAVE_STRINGS_H 1
| #define HAVE_INTTYPES_H 1
| #define HAVE_STDINT_H 1
| #define HAVE_UNISTD_H 1
| #define HAVE_NETINET_IN_H 1
| #define HAVE_STDLIB_H 1
| #define HAVE_STRING_H 1
| #define HAVE_SYSLOG_H 1
| #define HAVE_UNISTD_H 1
| #define HAVE__BOOL 1
| #define HAVE_STDBOOL_H 1
| #define TIME_WITH_SYS_TIME 1
| /* end confdefs.h.  */
| #include <sys/types.h>
| #include <signal.h>
| 
| int
| main ()
| {
| return *(signal (0, 0)) (0) == 1;
|   ;
|   return 0;
| }
configure:4856: result: void
configure:4867: checking for alarm
configure:4867: gcc -o conftest -g -O2   conftest.c  >&5
configure:4867: $? = 0
configure:4867: result: yes
configure:4867: checking for gettimeofday
configure:4867: gcc -o conftest -g -O2   conftest.c  >&5
configure:4867: $? = 0
configure:4867: result: yes
configure:4867: checking for memset
configure:4867: gcc -o conftest -g -O2   conftest.c  >&5
conftest.c:55: warning: conflicting types for built-in function 'memset'
configure:4867: $? = 0
configure:4867: result: yes
configure:4867: checking for strerror
configure:4867: gcc -o conftest -g -O2   conftest.c  >&5
configure:4867: $? = 0
configure:4867: result: yes
configure:4888: checking for dag_open in -ldag
configure:4913: gcc -o conftest -g -O2   conftest.c -ldag   >&5
/usr/bin/ld: cannot find -ldag
collect2: ld returned 1 exit status
configure:4913: $? = 1
configure: failed program was:
| /* confdefs.h */
| #define PACKAGE_NAME "capstats"
| #define PACKAGE_TARNAME "capstats"
| #define PACKAGE_VERSION "0.12pre"
| #define PACKAGE_STRING "capstats 0.12pre"
| #define PACKAGE_BUGREPORT "robin@icir.org"
| #define PACKAGE_URL ""
| #define PACKAGE "capstats"
| #define VERSION "0.12pre"
| #define STDC_HEADERS 1
| #define HAVE_SYS_TYPES_H 1
| #define HAVE_SYS_STAT_H 1
| #define HAVE_STDLIB_H 1
| #define HAVE_STRING_H 1
| #define HAVE_MEMORY_H 1
| #define HAVE_STRINGS_H 1
| #define HAVE_INTTYPES_H 1
| #define HAVE_STDINT_H 1
| #define HAVE_UNISTD_H 1
| #define HAVE_NETINET_IN_H 1
| #define HAVE_STDLIB_H 1
| #define HAVE_STRING_H 1
| #define HAVE_SYSLOG_H 1
| #define HAVE_UNISTD_H 1
| #define HAVE__BOOL 1
| #define HAVE_STDBOOL_H 1
| #define TIME_WITH_SYS_TIME 1
| #define RETSIGTYPE void
| #define HAVE_ALARM 1
| #define HAVE_GETTIMEOFDAY 1
| #define HAVE_MEMSET 1
| #define HAVE_STRERROR 1
| /* end confdefs.h.  */
| 
| /* Override any GCC internal prototype to avoid an error.
|    Use char because int might match the return type of a GCC
|    builtin and then its argument prototype would still apply.  */
| #ifdef __cplusplus
| extern "C"
| #endif
| char dag_open ();
| int
| main ()
| {
| return dag_open ();
|   ;
|   return 0;
| }
configure:4922: result: no
configure:4930: checking pcap.h usability
configure:4930: gcc -c -g -O2  conftest.c >&5
configure:4930: $? = 0
configure:4930: result: yes
configure:4930: checking pcap.h presence
configure:4930: gcc -E  conftest.c
configure:4930: $? = 0
configure:4930: result: yes
configure:4930: checking for pcap.h
configure:4930: result: yes
configure:5074: creating ./config.status

## ---------------------- ##
## Running config.status. ##
## ---------------------- ##

This file was extended by capstats config.status 0.12pre, which was
generated by GNU Autoconf 2.67.  Invocation command line was

  CONFIG_FILES    = 
  CONFIG_HEADERS  = 
  CONFIG_LINKS    = 
  CONFIG_COMMANDS = 
  $ ./config.status 

on bro-earth-orbit

config.status:875: creating Makefile
config.status:875: creating config.h
config.status:1055: config.h is unchanged
config.status:1103: executing depfiles commands

## ---------------- ##
## Cache variables. ##
## ---------------- ##

ac_cv_c_compiler_gnu=yes
ac_cv_c_const=yes
ac_cv_cxx_compiler_gnu=yes
ac_cv_env_CCC_set=
ac_cv_env_CCC_value=
ac_cv_env_CC_set=
ac_cv_env_CC_value=
ac_cv_env_CFLAGS_set=
ac_cv_env_CFLAGS_value=
ac_cv_env_CPPFLAGS_set=
ac_cv_env_CPPFLAGS_value=
ac_cv_env_CPP_set=
ac_cv_env_CPP_value=
ac_cv_env_CXXFLAGS_set=
ac_cv_env_CXXFLAGS_value=
ac_cv_env_CXX_set=
ac_cv_env_CXX_value=
ac_cv_env_LDFLAGS_set=
ac_cv_env_LDFLAGS_value=
ac_cv_env_LIBS_set=
ac_cv_env_LIBS_value=
ac_cv_env_build_alias_set=
ac_cv_env_build_alias_value=
ac_cv_env_host_alias_set=
ac_cv_env_host_alias_value=
ac_cv_env_target_alias_set=
ac_cv_env_target_alias_value=
ac_cv_func_alarm=yes
ac_cv_func_gettimeofday=yes
ac_cv_func_memset=yes
ac_cv_func_strerror=yes
ac_cv_header_inttypes_h=yes
ac_cv_header_memory_h=yes
ac_cv_header_netinet_in_h=yes
ac_cv_header_pcap_h=yes
ac_cv_header_stdbool_h=yes
ac_cv_header_stdc=yes
ac_cv_header_stdint_h=yes
ac_cv_header_stdlib_h=yes
ac_cv_header_string_h=yes
ac_cv_header_strings_h=yes
ac_cv_header_sys_stat_h=yes
ac_cv_header_sys_types_h=yes
ac_cv_header_syslog_h=yes
ac_cv_header_time=yes
ac_cv_header_unistd_h=yes
ac_cv_lib_dag_dag_open=no
ac_cv_lib_error_at_line=yes
ac_cv_lib_pcap_dag_open=no
ac_cv_objext=o
ac_cv_path_EGREP='/bin/grep -E'
ac_cv_path_GREP=/bin/grep
ac_cv_path_install='/usr/bin/install -c'
ac_cv_path_mkdir=/bin/mkdir
ac_cv_prog_AWK=mawk
ac_cv_prog_CPP='gcc -E'
ac_cv_prog_ac_ct_CC=gcc
ac_cv_prog_ac_ct_CXX=g++
ac_cv_prog_cc_c89=
ac_cv_prog_cc_g=yes
ac_cv_prog_cxx_g=yes
ac_cv_prog_make_make_set=yes
ac_cv_type__Bool=yes
ac_cv_type_signal=void
am_cv_CC_dependencies_compiler_type=gcc3
am_cv_CXX_dependencies_compiler_type=gcc3

## ----------------- ##
## Output variables. ##
## ----------------- ##

ACLOCAL='${SHELL} /home/ewust/telex-station/station/bro-1.5.1/aux/broctl/aux/capstats/missing --run aclocal-1.11'
AMDEPBACKSLASH='\'
AMDEP_FALSE='#'
AMDEP_TRUE=''
AMTAR='${SHELL} /home/ewust/telex-station/station/bro-1.5.1/aux/broctl/aux/capstats/missing --run tar'
AUTOCONF='${SHELL} /home/ewust/telex-station/station/bro-1.5.1/aux/broctl/aux/capstats/missing --run autoconf'
AUTOHEADER='${SHELL} /home/ewust/telex-station/station/bro-1.5.1/aux/broctl/aux/capstats/missing --run autoheader'
AUTOMAKE='${SHELL} /home/ewust/telex-station/station/bro-1.5.1/aux/broctl/aux/capstats/missing --run automake-1.11'
AWK='mawk'
CC='gcc'
CCDEPMODE='depmode=gcc3'
CFLAGS='-g -O2'
CPP='gcc -E'
CPPFLAGS=''
CXX='g++'
CXXDEPMODE='depmode=gcc3'
CXXFLAGS='-g -O2'
CYGPATH_W='echo'
DEFS='-DHAVE_CONFIG_H'
DEPDIR='.deps'
ECHO_C=''
ECHO_N='-n'
ECHO_T=''
EGREP='/bin/grep -E'
EXEEXT=''
GREP='/bin/grep'
INSTALL_DATA='${INSTALL} -m 644'
INSTALL_PROGRAM='${INSTALL}'
INSTALL_SCRIPT='${INSTALL}'
INSTALL_STRIP_PROGRAM='$(install_sh) -c -s'
LDFLAGS=''
LIBOBJS=''
LIBS=''
LTLIBOBJS=''
MAKEINFO='${SHELL} /home/ewust/telex-station/station/bro-1.5.1/aux/broctl/aux/capstats/missing --run makeinfo'
MKDIR_P='/bin/mkdir -p'
OBJEXT='o'
PACKAGE='capstats'
PACKAGE_BUGREPORT='robin@icir.org'
PACKAGE_NAME='capstats'
PACKAGE_STRING='capstats 0.12pre'
PACKAGE_TARNAME='capstats'
PACKAGE_URL=''
PACKAGE_VERSION='0.12pre'
PATH_SEPARATOR=':'
SET_MAKE=''
SHELL='/bin/bash'
STRIP=''
VERSION='0.12pre'
ac_ct_CC='gcc'
ac_ct_CXX='g++'
am__EXEEXT_FALSE=''
am__EXEEXT_TRUE='#'
am__fastdepCC_FALSE='#'
am__fastdepCC_TRUE=''
am__fastdepCXX_FALSE='#'
am__fastdepCXX_TRUE=''
am__include='include'
am__isrc=''
am__leading_dot='.'
am__quote=''
am__tar='${AMTAR} chof - "$$tardir"'
am__untar='${AMTAR} xf -'
bindir='${exec_prefix}/bin'
build_alias=''
datadir='${datarootdir}'
datarootdir='${prefix}/share'
docdir='${datarootdir}/doc/${PACKAGE_TARNAME}'
dvidir='${docdir}'
exec_prefix='${prefix}'
host_alias=''
htmldir='${docdir}'
includedir='${prefix}/include'
infodir='${datarootdir}/info'
install_sh='${SHELL} /home/ewust/telex-station/station/bro-1.5.1/aux/broctl/aux/capstats/install-sh'
libdir='${exec_prefix}/lib'
libexecdir='${exec_prefix}/libexec'
localedir='${datarootdir}/locale'
localstatedir='${prefix}/var'
mandir='${datarootdir}/man'
mkdir_p='/bin/mkdir -p'
oldincludedir='/usr/include'
pdfdir='${docdir}'
prefix='/usr/local/bro'
program_transform_name='s,x,x,'
psdir='${docdir}'
sbindir='${exec_prefix}/sbin'
sharedstatedir='${prefix}/com'
sysconfdir='${prefix}/etc'
target_alias=''

## ----------- ##
## confdefs.h. ##
## ----------- ##

/* confdefs.h */
#define PACKAGE_NAME "capstats"
#define PACKAGE_TARNAME "capstats"
#define PACKAGE_VERSION "0.12pre"
#define PACKAGE_STRING "capstats 0.12pre"
#define PACKAGE_BUGREPORT "robin@icir.org"
#define PACKAGE_URL ""
#define PACKAGE "capstats"
#define VERSION "0.12pre"
#define STDC_HEADERS 1
#define HAVE_SYS_TYPES_H 1
#define HAVE_SYS_STAT_H 1
#define HAVE_STDLIB_H 1
#define HAVE_STRING_H 1
#define HAVE_MEMORY_H 1
#define HAVE_STRINGS_H 1
#define HAVE_INTTYPES_H 1
#define HAVE_STDINT_H 1
#define HAVE_UNISTD_H 1
#define HAVE_NETINET_IN_H 1
#define HAVE_STDLIB_H 1
#define HAVE_STRING_H 1
#define HAVE_SYSLOG_H 1
#define HAVE_UNISTD_H 1
#define HAVE__BOOL 1
#define HAVE_STDBOOL_H 1
#define TIME_WITH_SYS_TIME 1
#define RETSIGTYPE void
#define HAVE_ALARM 1
#define HAVE_GETTIMEOFDAY 1
#define HAVE_MEMSET 1
#define HAVE_STRERROR 1

configure: exit 0
